02:18:50.374 | Info | '/transaction/myprofile' | 
02:43:43.327 | Info | '/transaction/myprofile' | 
02:43:48.232 | Info | '/transaction/myprofile' | 
02:46:11.529 | Info | '/transaction/myprofile' | 
02:46:13.797 | Info | '/transaction/myprofile' | 
02:46:13.848 | Info | '/transaction/gettour' | 
02:49:22.727 | Info | '/transaction/myprofile' | 
02:49:24.219 | Info | '/transaction/myprofile' | 
02:49:24.249 | Info | '/transaction/gethotelshistory' | 
02:49:39.217 | Info | '/transaction/myprofile' | 
02:49:39.263 | Info | '/transaction/gethotelshistory' | 
02:49:58.586 | Info | '/transaction/myprofile' | 
02:49:58.649 | Info | '/transaction/gettour' | 
02:50:09.053 | Info | '/transaction/myprofile' | 
02:50:09.128 | Info | '/transaction/gethotelshistory' | 
03:27:32.244 | Info | '/transaction/gethotelshistory' | 
03:27:46.207 | Info | '/transaction/gethotelshistory' | 
03:27:54.548 | Info | '/transaction/gethotelshistory' | 
03:28:47.207 | Info | '/transaction/gethotelshistory' | 
03:29:15.188 | Info | '/transaction/gethotelshistory' | 
03:29:21.182 | Info | '/transaction/gethotelshistory' | 
03:29:26.343 | Info | '/transaction/gethotelshistory' | 
03:29:53.541 | Info | '/transaction/gethotelshistory' | 
03:30:04.086 | Info | '/transaction/gethotelshistory' | 
03:30:21.186 | Info | '/transaction/gethotelshistory' | 
03:30:25.079 | Info | '/transaction/gethotelshistory' | 
03:31:16.980 | Info | '/transaction/gethotelshistory' | 
03:31:48.194 | Info | '/transaction/gethotelshistory' | 
03:31:55.202 | Info | '/transaction/gethotelshistory' | 
03:31:58.174 | Info | '/transaction/gethotelshistory' | 
03:32:07.258 | Info | '/transaction/gethotelshistory' | 
03:32:08.796 | Info | '/transaction/gethotelshistory' | 
03:32:16.379 | Info | '/transaction/gethotelshistory' | 
03:32:32.172 | Info | '/transaction/gethotelshistory' | 
03:32:34.438 | Info | '/transaction/gethotelshistory' | 
03:32:41.436 | Info | '/transaction/myprofile' | 
03:32:41.462 | Info | '/transaction/gethotelshistory' | 
03:32:42.494 | Info | '/transaction/myprofile' | 
03:32:42.515 | Info | '/transaction/gettourdetails' | 
03:32:50.049 | Info | '/transaction/myprofile' | 
03:32:50.066 | Info | '/transaction/gettourdetails' | 
03:33:08.726 | Info | '/transaction/myprofile' | 
03:33:08.733 | Info | '/transaction/gettourdetails' | 
03:35:10.242 | Info | '/transaction/myprofile' | 
03:35:10.267 | Info | '/transaction/gethotelshistory' | 
03:35:11.157 | Info | '/transaction/myprofile' | 
03:35:11.164 | Info | '/transaction/gettourdetails' | 
03:35:29.254 | Info | '/transaction/gethotelshistory' | 
03:35:35.016 | Info | '/transaction/myprofile' | 
03:35:35.044 | Info | '/transaction/gethotelshistory' | 
03:35:36.109 | Info | '/transaction/myprofile' | 
03:35:36.132 | Info | '/transaction/gettourdetails' | 
03:52:52.919 | Info | '/transaction/myprofile' | 
03:52:53.436 | Info | '/transaction/gethoteldetails' | 
03:53:07.195 | Info | '/transaction/gethoteldetails' | 
03:53:11.180 | Info | '/transaction/gethoteldetails' | 
03:53:14.196 | Info | '/transaction/gethoteldetails' | 
03:53:18.054 | Info | '/transaction/gethoteldetails' | 
03:54:47.177 | Info | '/transaction/gethoteldetails' | 
03:54:49.978 | Info | '/transaction/gethoteldetails' | 
03:55:46.454 | Info | '/transaction/gethoteldetails' | 
03:56:18.275 | Info | '/transaction/gethoteldetails' | 
03:56:19.993 | Info | '/transaction/gethoteldetails' | 
03:56:23.895 | Info | '/transaction/gethoteldetails' | 
03:56:27.820 | Info | '/transaction/gethoteldetails' | 
03:56:30.055 | Info | '/transaction/gethoteldetails' | 
03:56:41.726 | Info | '/transaction/gethoteldetails' | 
03:56:47.155 | Info | '/transaction/gethoteldetails' | 
03:56:49.614 | Info | '/transaction/gethoteldetails' | 
03:56:51.014 | Info | '/transaction/gethoteldetails' | 
03:56:52.627 | Info | '/transaction/gethoteldetails' | 
03:57:02.432 | Info | '/transaction/gethoteldetails' | 
03:57:23.219 | Info | '/transaction/gethoteldetails' | 
03:57:25.171 | Info | '/transaction/gethoteldetails' | 
03:57:31.733 | Info | '/transaction/gethoteldetails' | 
03:57:33.763 | Info | '/transaction/myprofile' | 
03:57:33.770 | Info | '/transaction/gethoteldetails' | 
03:57:37.219 | Info | '/transaction/myprofile' | 
03:57:37.253 | Info | '/transaction/gethotelshistory' | 
03:57:38.892 | Info | '/transaction/myprofile' | 
03:57:38.901 | Info | '/transaction/gethoteldetails' | 
03:57:43.599 | Info | '/transaction/myprofile' | 
03:57:43.607 | Info | '/transaction/gethoteldetails' | 
03:57:45.948 | Info | '/transaction/myprofile' | 
03:57:45.977 | Info | '/transaction/gettourdetails' | 
03:58:18.868 | Info | '/transaction/gethoteldetails' | 
03:58:20.627 | Info | '/transaction/gethoteldetails' | 
03:58:21.196 | Info | '/transaction/gethoteldetails' | 
03:58:26.784 | Info | '/transaction/myprofile' | 
03:58:26.798 | Info | '/transaction/gethoteldetails' | 
04:00:42.263 | Info | '/transaction/myprofile' | 
04:00:42.274 | Info | '/transaction/gethoteldetails' | 
04:00:43.700 | Info | '/transaction/myprofile' | 
04:00:43.733 | Info | '/transaction/gettourdetails' | 
