10:46:36.205 | Info | '/transaction/myprofile' | 
10:51:38.047 | Info | '/transaction/myprofile' | 
10:51:39.479 | Info | '/transaction/gettourbyuserid' | 
10:51:40.744 | Info | '/transaction/gettourdetails' | 
10:51:40.753 | Info | '/transaction/getcustomer' | 
10:57:29.168 | Info | '/transaction/gettourdetails' | 
10:57:29.196 | Info | '/transaction/getcustomer' | 
10:57:40.997 | Info | '/transaction/gettourcollaborate' | 
10:57:56.559 | Info | '/transaction/gettourbyuserid' | 
10:57:57.455 | Info | '/transaction/gettourdetails' | 
10:57:57.458 | Info | '/transaction/getcustomer' | 
10:58:03.324 | Info | '/transaction/gettourcollaborate' | 
10:58:39.289 | Info | '/transaction/gettourcollaborate' | 
10:58:39.948 | Info | '/transaction/gettourcollaborate' | 
10:58:50.939 | Info | '/transaction/gettourcollaborate' | 
10:58:55.059 | Info | '/transaction/gettourcollaborate' | 
10:59:01.046 | Info | '/transaction/gettourcollaborate' | 
10:59:05.940 | Info | '/transaction/gettourcollaborate' | 
10:59:07.943 | Info | '/transaction/gettourcollaborate' | 
10:59:10.973 | Info | '/transaction/gettourcollaborate' | 
10:59:14.939 | Info | '/transaction/gettourcollaborate' | 
10:59:19.936 | Info | '/transaction/gettourcollaborate' | 
10:59:21.937 | Info | '/transaction/gettourcollaborate' | 
10:59:24.955 | Info | '/transaction/gettourcollaborate' | 
10:59:29.711 | Info | '/transaction/gettourcollaborate' | 
10:59:36.148 | Info | '/transaction/gethotelshistory' | 
10:59:38.250 | Info | '/transaction/gettourcollaborate' | 
10:59:39.432 | Info | '/transaction/getcollabtour' | 
10:59:40.950 | Info | '/transaction/gettransportbyuserid' | 
10:59:42.748 | Info | '/transaction/gettourcollaborate' | 
11:02:14.082 | Info | '/transaction/gettourcollaborate' | 
11:02:17.958 | Info | '/transaction/gettourcollaborate' | 
11:02:21.977 | Info | '/transaction/gettourcollaborate' | 
11:02:25.028 | Info | '/transaction/gettourcollaborate' | 
11:02:37.133 | Info | '/transaction/gettourcollaborate' | 
11:02:37.733 | Info | '/transaction/gettourbyuserid' | 
11:02:42.547 | Info | '/transaction/gettourcollaborate' | 
11:02:44.201 | Info | '/transaction/gethotelshistory' | 
11:02:45.320 | Info | '/transaction/gettourcollaborate' | 
11:02:51.279 | Info | '/transaction/getcollabtour' | 
11:02:52.423 | Info | '/transaction/gettourcollaborate' | 
11:03:14.977 | Info | '/transaction/gettourcollaborate' | 
11:03:17.938 | Info | '/transaction/gettourcollaborate' | 
11:03:28.400 | Info | '/transaction/gettourcollaborate' | 
11:04:29.492 | Info | '/transaction/gettourcollaborate' | 
11:04:30.213 | Info | '/transaction/myprofile' | 
11:04:32.156 | Info | '/transaction/gettourbyuserid' | 
11:04:33.636 | Info | '/transaction/gethotelshistory' | 
11:04:34.865 | Info | '/transaction/gettransportbyuserid' | 
11:04:36.436 | Info | '/transaction/gettourcollaborate' | 
11:04:38.226 | Info | '/transaction/getcollabtour' | 
11:04:41.426 | Info | '/transaction/myprofile' | 
11:04:42.726 | Info | '/transaction/gettourcollaborate' | 
11:09:00.983 | Info | '/transaction/gettourcollaborate' | 
