00:03:44.331 | Info | '/transaction/gettransportbyuserid' | 
00:03:46.280 | Info | '/transaction/gettourbyuserid' | 
00:03:48.488 | Info | '/transaction/gethotelshistory' | 
00:03:49.362 | Info | '/transaction/gettransportbyuserid' | 
00:04:55.424 | Info | '/transaction/gettransportbyuserid' | 
00:04:56.472 | Info | '/transaction/gettransportbyuserid' | 
00:04:57.011 | Info | '/transaction/gettransportdetails' | 
00:04:57.018 | Info | '/transaction/gethotelcustomer' | 
00:05:25.590 | Info | '/transaction/gettransportdetails' | 
00:05:25.596 | Info | '/transaction/gethotelcustomer' | 
00:05:25.856 | Info | '/transaction/gettransportdetails' | 
00:05:25.861 | Info | '/transaction/gethotelcustomer' | 
00:05:27.454 | Info | '/transaction/gettransportdetails' | 
00:05:27.458 | Info | '/transaction/gethotelcustomer' | 
00:05:54.334 | Info | '/transaction/gettransportdetails' | 
00:05:54.338 | Info | '/transaction/gethotelcustomer' | 
00:06:24.161 | Info | '/transaction/gettransportdetails' | 
00:06:24.164 | Info | '/transaction/gethotelcustomer' | 
00:06:30.222 | Info | '/transaction/gettransportdetails' | 
00:06:30.240 | Info | '/transaction/gethotelcustomer' | 
00:06:46.161 | Info | '/transaction/gettransportdetails' | 
00:06:46.177 | Info | '/transaction/gethotelcustomer' | 
00:06:49.249 | Info | '/transaction/gettransportdetails' | 
00:06:49.268 | Info | '/transaction/gethotelcustomer' | 
00:06:52.147 | Info | '/transaction/gettransportdetails' | 
00:06:52.157 | Info | '/transaction/gethotelcustomer' | 
00:06:55.238 | Info | '/transaction/gettransportdetails' | 
00:06:55.257 | Info | '/transaction/gethotelcustomer' | 
00:06:59.410 | Info | '/transaction/gettransportdetails' | 
00:06:59.417 | Info | '/transaction/gethotelcustomer' | 
00:07:08.317 | Info | '/transaction/gettransportdetails' | 
00:07:08.395 | Info | '/transaction/gethotelcustomer' | 
00:07:13.252 | Info | '/transaction/gettransportdetails' | 
00:07:13.267 | Info | '/transaction/gethotelcustomer' | 
00:07:17.541 | Info | '/transaction/gettransportdetails' | 
00:07:17.557 | Info | '/transaction/gethotelcustomer' | 
00:07:20.673 | Info | '/transaction/gettransportdetails' | 
00:07:20.690 | Info | '/transaction/gethotelcustomer' | 
00:26:55.195 | Info | '/transaction/gettransportbyuserid' | 
00:26:57.448 | Info | '/transaction/gethotelshistory' | 
00:27:01.748 | Info | '/transaction/gethoteldetails' | 
00:27:01.762 | Info | '/transaction/gethotelcustomer' | 
00:29:41.354 | Info | '/transaction/gethoteldetails' | 
00:29:41.360 | Info | '/transaction/gethotelcustomer' | 
00:29:45.659 | Info | '/transaction/gettransportbyuserid' | 
00:34:16.705 | Info | '/transaction/gettransportbyuserid' | 
00:34:21.622 | Info | '/transaction/gettransportbyuserid' | 
