00:00:41.698 | Info | '/transaction/gettourdetails' | 
00:00:44.024 | Info | '/transaction/myprofile' | 
00:00:44.062 | Info | '/transaction/gettourdetails' | 
00:06:06.449 | Info | '/transaction/myprofile' | 
00:06:06.546 | Info | '/transaction/gettourdetails' | 
00:10:03.330 | Info | '/transaction/myprofile' | 
00:10:03.380 | Info | '/transaction/gettourdetails' | 
00:10:08.523 | Info | '/transaction/createcustomer' | 
00:10:47.115 | Info | '/transaction/myprofile' | 
00:10:47.122 | Info | '/transaction/gettourdetails' | 
00:10:49.640 | Info | '/transaction/myprofile' | 
00:10:49.662 | Info | '/transaction/gettourdetails' | 
00:11:17.401 | Info | '/transaction/gettourdetails' | 
00:11:19.292 | Info | '/transaction/gettourdetails' | 
00:11:37.278 | Info | '/transaction/gettourdetails' | 
00:11:39.277 | Info | '/transaction/gettourdetails' | 
00:11:41.272 | Info | '/transaction/gettourdetails' | 
00:12:46.795 | Info | '/transaction/myprofile' | 
00:12:46.821 | Info | '/transaction/gettourdetails' | 
00:19:18.499 | Info | '/transaction/myprofile' | 
00:19:22.490 | Info | '/transaction/gettourbyuserid' | 
00:19:23.747 | Info | '/transaction/myprofile' | 
00:19:34.380 | Info | '/transaction/gethotelshistory' | 
00:19:35.464 | Info | '/transaction/gettransportbyuserid' | 
00:19:37.230 | Info | '/transaction/gethotelshistory' | 
00:19:52.309 | Info | '/transaction/gethotelshistory' | 
00:19:59.421 | Info | '/transaction/gethotelshistory' | 
00:20:01.074 | Info | '/transaction/gettourbyuserid' | 
00:20:04.284 | Info | '/transaction/gettourdetails' | 
00:20:04.287 | Info | '/transaction/getcustomer' | 
00:20:18.527 | Info | '/transaction/myprofile' | 
00:20:23.147 | Info | '/transaction/myprofile' | 
00:20:23.174 | Info | '/transaction/gettour' | 
00:20:26.271 | Info | '/transaction/myprofile' | 
00:20:26.279 | Info | '/transaction/gettourdetails' | 
00:20:30.910 | Info | '/transaction/myprofile' | 
00:20:30.931 | Info | '/transaction/gettourdetails' | 
00:20:32.502 | Info | '/transaction/myprofile' | 
00:20:32.512 | Info | '/transaction/gettourdetails' | 
00:20:55.183 | Info | '/transaction/myprofile' | 
00:20:55.210 | Info | '/transaction/gettourdetails' | 
00:23:48.780 | Info | '/transaction/createcustomer' | 
00:24:12.309 | Info | '/transaction/gettourdetails' | 
00:24:25.299 | Info | '/transaction/gettourdetails' | 
00:24:41.980 | Info | '/transaction/myprofile' | 
00:24:42.396 | Info | '/transaction/gettourdetails' | 
00:24:47.040 | Info | '/transaction/createcustomer' | 
00:25:37.335 | Info | '/transaction/gettourdetails' | 
00:26:47.295 | Info | '/transaction/myprofile' | 
00:26:47.858 | Info | '/transaction/gettourdetails' | 
00:26:52.483 | Info | '/transaction/createcustomer' | 
00:28:32.796 | Info | '/transaction/myprofile' | 
00:28:33.363 | Info | '/transaction/gettourdetails' | 
00:28:37.849 | Info | '/transaction/createcustomer' | 
00:29:23.032 | Info | '/transaction/myprofile' | 
00:29:25.144 | Info | '/transaction/gettourbyuserid' | 
00:29:27.539 | Info | '/transaction/gettourdetails' | 
00:29:27.543 | Info | '/transaction/getcustomer' | 
00:31:19.283 | Info | '/transaction/gettourdetails' | 
00:31:19.300 | Info | '/transaction/getcustomer' | 
00:31:23.276 | Info | '/transaction/gettourdetails' | 
00:31:23.282 | Info | '/transaction/getcustomer' | 
00:31:33.300 | Info | '/transaction/gettourdetails' | 
00:31:33.305 | Info | '/transaction/getcustomer' | 
00:31:37.076 | Info | '/transaction/gettourdetails' | 
00:31:37.080 | Info | '/transaction/getcustomer' | 
00:32:04.338 | Info | '/transaction/gettourdetails' | 
00:32:04.354 | Info | '/transaction/getcustomer' | 
00:32:07.264 | Info | '/transaction/gettourdetails' | 
00:32:07.268 | Info | '/transaction/getcustomer' | 
00:32:11.273 | Info | '/transaction/gettourdetails' | 
00:32:11.276 | Info | '/transaction/getcustomer' | 
00:32:19.287 | Info | '/transaction/gettourdetails' | 
00:32:19.290 | Info | '/transaction/getcustomer' | 
00:33:03.270 | Info | '/transaction/gettourdetails' | 
00:33:03.273 | Info | '/transaction/getcustomer' | 
00:33:05.271 | Info | '/transaction/gettourdetails' | 
00:33:05.274 | Info | '/transaction/getcustomer' | 
00:33:11.379 | Info | '/transaction/gettourdetails' | 
00:33:11.382 | Info | '/transaction/getcustomer' | 
00:36:16.890 | Info | '/transaction/gettourdetails' | 
00:36:16.908 | Info | '/transaction/getcustomer' | 
00:49:45.376 | Info | '/transaction/gettourdetails' | 
00:49:45.379 | Info | '/transaction/getcustomer' | 
00:50:04.592 | Info | '/transaction/getcustomer' | 
00:50:04.596 | Info | '/transaction/gettourdetails' | 
00:50:09.836 | Info | '/transaction/gettourdetails' | 
00:50:09.838 | Info | '/transaction/getcustomer' | 
00:50:40.301 | Info | '/transaction/gettourdetails' | 
00:50:40.317 | Info | '/transaction/getcustomer' | 
00:51:35.367 | Info | '/transaction/gettourdetails' | 
00:51:35.405 | Info | '/transaction/getcustomer' | 
00:51:37.864 | Info | '/transaction/gettourdetails' | 
00:51:37.877 | Info | '/transaction/getcustomer' | 
00:51:39.926 | Info | '/transaction/gettourdetails' | 
00:51:39.943 | Info | '/transaction/getcustomer' | 
00:52:24.439 | Info | '/transaction/gettourdetails' | 
00:52:24.441 | Info | '/transaction/getcustomer' | 
