00:11:14.987 | Info | '/transaction/gethotels' | 
00:11:16.095 | Info | '/transaction/gettour' | 
00:11:18.194 | Info | '/transaction/gettour' | 
00:11:20.504 | Info | '/transaction/gettour' | 
00:11:22.805 | Info | '/transaction/gettour' | 
00:12:35.791 | Info | '/transaction/gettour' | 
00:12:37.890 | Info | '/transaction/gettour' | 
00:12:38.822 | Info | '/transaction/gettour' | 
00:14:36.173 | Info | '/transaction/gethotels' | 
00:14:38.251 | Info | '/transaction/gethotels' | 
00:14:40.721 | Info | '/transaction/gethotels' | 
00:14:43.155 | Info | '/transaction/gettour' | 
00:14:45.282 | Info | '/transaction/gettour' | 
00:14:46.413 | Info | '/transaction/gettour' | 
00:14:46.923 | Info | '/transaction/gettour' | 
00:17:50.954 | Info | '/transaction/gettour' | 
00:18:04.385 | Info | '/transaction/gettour' | 
00:18:20.800 | Info | '/transaction/gettour' | 
00:20:18.337 | Info | '/transaction/gettour' | 
00:42:52.153 | Info | '/transaction/createtour' | 
00:44:59.650 | Info | '/transaction/createtour' | 
00:51:33.543 | Info | '/transaction/createtour' | 
00:52:39.258 | Info | '/transaction/gettour' | 
00:53:09.370 | Info | '/transaction/gettour' | 
00:53:23.534 | Info | '/transaction/createtour' | 
00:53:47.579 | Info | '/transaction/gettour' | 
00:54:37.802 | Info | '/transaction/gettour' | 
00:55:00.116 | Info | '/transaction/createtour' | 
01:12:10.550 | Info | '/transaction/gettransport' | 
01:12:42.241 | Info | '/transaction/createtour' | 
01:12:46.884 | Info | '/transaction/gettransport' | 
01:12:55.411 | Info | '/transaction/gettransport' | 
01:15:41.921 | Info | '/transaction/gettransport' | 
01:16:00.756 | Info | '/transaction/createtour' | 
01:18:53.970 | Info | '/transaction/createtour' | 
01:26:10.325 | Info | '/transaction/createtour' | 
01:29:55.136 | Info | '/transaction/createtransport' | 
01:32:45.778 | Info | '/transaction/createtour' | 
01:34:41.665 | Info | '/transaction/createtransport' | 
01:38:37.470 | Info | '/transaction/createtransport' | 
01:45:46.962 | Info | '/transaction/gettransport' | 
01:45:53.474 | Info | '/transaction/gettransport' | 
01:47:04.006 | Info | '/transaction/gettransport' | 
01:49:03.609 | Info | '/transaction/gettransport' | 
01:49:11.433 | Info | '/transaction/gettransport' | 
01:49:16.830 | Info | '/transaction/gettransport' | 
01:49:24.215 | Info | '/transaction/gettransport' | 
01:49:56.080 | Info | '/transaction/gettransport' | 
01:53:16.789 | Info | '/transaction/gethotels' | 
02:00:49.418 | Info | '/transaction/gethotels' | 
02:01:17.906 | Info | '/transaction/createhotels' | 
