02:00:19.645 | Info | '/transaction/myprofile' | 
02:00:53.896 | Info | '/transaction/myprofile' | 
02:00:56.662 | Info | '/transaction/myprofile' | 
02:01:00.249 | Info | '/transaction/myprofile' | 
02:01:03.357 | Info | '/transaction/gettourbyuserid' | 
02:01:07.163 | Info | '/transaction/gethotelshistory' | 
02:01:08.628 | Info | '/transaction/gettransportbyuserid' | 
02:01:12.479 | Info | '/transaction/gethotelshistory' | 
02:01:23.517 | Info | '/api/user/login' | 
02:01:35.130 | Info | '/api/user/login' | 
02:01:35.267 | Info | '/transaction/myprofile' | 
02:01:43.938 | Info | '/transaction/gethotelshistory' | 
02:01:47.158 | Info | '/transaction/gettransportbyuserid' | 
02:01:50.520 | Info | '/transaction/gettransportdetails' | 
02:01:50.538 | Info | '/transaction/gettransportcustomer' | 
02:01:54.664 | Info | '/transaction/gettransportbyuserid' | 
02:01:56.543 | Info | '/transaction/gettransportdetails' | 
02:01:56.546 | Info | '/transaction/gettransportcustomer' | 
02:01:59.108 | Info | '/transaction/gethotelshistory' | 
02:02:01.661 | Info | '/transaction/gethoteldetails' | 
02:02:01.668 | Info | '/transaction/gethotelcustomer' | 
02:02:03.798 | Info | '/transaction/gettransportbyuserid' | 
02:12:26.259 | Info | '/transaction/gethotelshistory' | 
02:12:28.388 | Info | '/transaction/getmytourcollaborate' | 
02:12:28.370 | Info | '/transaction/gettourcollaborate' | 
02:13:18.113 | Info | '/transaction/gettourcollaborate' | 
02:13:18.131 | Info | '/transaction/getmytourcollaborate' | 
02:13:24.910 | Info | '/transaction/gettourcollaborate' | 
02:13:24.928 | Info | '/transaction/getmytourcollaborate' | 
02:13:35.511 | Info | '/transaction/myprofile' | 
02:13:39.482 | Info | '/transaction/gettourcollaborate' | 
02:13:39.488 | Info | '/transaction/getmytourcollaborate' | 
02:13:47.911 | Info | '/transaction/myprofile' | 
02:19:44.848 | Info | '/transaction/gethotelshistory' | 
02:19:51.424 | Info | '/transaction/gethoteldetails' | 
02:19:51.429 | Info | '/transaction/gethotelcustomer' | 
02:19:55.833 | Info | '/transaction/gettransportbyuserid' | 
02:19:57.275 | Info | '/transaction/gettransportdetails' | 
02:19:57.290 | Info | '/transaction/gettransportcustomer' | 
02:20:23.173 | Info | '/transaction/updatetransportbookingstatus' | 
02:20:25.690 | Info | '/transaction/gettransportdetails' | 
02:20:25.707 | Info | '/transaction/gettransportcustomer' | 
02:20:30.272 | Info | '/transaction/gethotelshistory' | 
02:22:11.293 | Info | '/transaction/gethotelshistory' | 
02:30:42.357 | Info | '/transaction/gethotelshistory' | 
02:31:52.717 | Info | '/transaction/gethotelshistory' | 
02:31:59.083 | Info | '/transaction/deletehotel' | 
02:32:01.569 | Info | '/transaction/gethotelshistory' | 
02:32:17.916 | Info | '/transaction/gettransportbyuserid' | 
02:36:57.459 | Info | '/transaction/gettransportbyuserid' | 
02:37:07.316 | Info | '/transaction/gettransportbyuserid' | 
02:37:29.880 | Info | '/transaction/gettransportbyuserid' | 
02:37:30.826 | Info | '/transaction/deletetransport' | 
02:37:36.231 | Info | '/transaction/gethotelshistory' | 
02:38:16.934 | Info | '/transaction/gethotelshistory' | 
02:38:18.686 | Info | '/transaction/gethoteldetails' | 
02:38:18.695 | Info | '/transaction/gethotelcustomer' | 
02:38:22.736 | Info | '/transaction/gettransportbyuserid' | 
02:38:24.097 | Info | '/transaction/gettransportdetails' | 
02:38:24.111 | Info | '/transaction/gettransportcustomer' | 
02:38:28.155 | Info | '/transaction/gettransportbyuserid' | 
02:38:51.860 | Info | '/transaction/deletetransport' | 
02:43:05.523 | Info | '/transaction/gettransportbyuserid' | 
02:43:07.809 | Info | '/transaction/gethotelshistory' | 
02:43:20.086 | Info | '/transaction/gethotelshistory' | 
02:44:06.197 | Info | '/transaction/gethotelshistory' | 
02:44:40.859 | Info | '/transaction/myprofile' | 
02:44:49.634 | Info | '/transaction/gettourbyuserid' | 
02:44:50.655 | Info | '/transaction/gethotelshistory' | 
02:44:51.414 | Info | '/transaction/gettransportbyuserid' | 
02:44:51.964 | Info | '/transaction/gettourcollaborate' | 
02:44:51.974 | Info | '/transaction/getmytourcollaborate' | 
02:44:52.988 | Info | '/transaction/getcollabtour' | 
02:44:55.225 | Info | '/transaction/gettourcollaborate' | 
02:44:55.232 | Info | '/transaction/getmytourcollaborate' | 
02:45:03.613 | Info | '/transaction/myprofile' | 
02:45:05.912 | Info | '/transaction/myprofile' | 
02:45:05.934 | Info | '/transaction/gettour' | 
02:45:12.845 | Info | '/transaction/myprofile' | 
02:45:16.372 | Info | '/transaction/myprofile' | 
02:45:16.403 | Info | '/transaction/gettour' | 
